<?xml version="1.0" encoding="UTF-8"?>
<testsuite name="enumerationsExercise3.TestEnumerationsExercise3" tests="4" skipped="0" failures="0" errors="0" timestamp="2024-08-28T15:20:20" hostname="Sebastians-Laptop.local" time="0.004">
  <properties/>
  <testcase name="test1Sample" classname="enumerationsExercise3.TestEnumerationsExercise3" time="0.003"/>
  <testcase name="test2FirstWins" classname="enumerationsExercise3.TestEnumerationsExercise3" time="0.0"/>
  <testcase name="test3FirstWins" classname="enumerationsExercise3.TestEnumerationsExercise3" time="0.0"/>
  <testcase name="test4Draw" classname="enumerationsExercise3.TestEnumerationsExercise3" time="0.0"/>
  <system-out><![CDATA[]]></system-out>
  <system-err><![CDATA[]]></system-err>
</testsuite>
