<?xml version="1.0" encoding="UTF-8"?>
<testsuite name="theImportanceOfLambdasExercise3.TestTheImportanceOfLambdasExercise3" tests="4" skipped="0" failures="0" errors="0" timestamp="2024-09-02T18:24:18" hostname="Sebastians-MacBook-Pro.local" time="0.01">
  <properties/>
  <testcase name="test1" classname="theImportanceOfLambdasExercise3.TestTheImportanceOfLambdasExercise3" time="0.003"/>
  <testcase name="test2" classname="theImportanceOfLambdasExercise3.TestTheImportanceOfLambdasExercise3" time="0.0"/>
  <testcase name="test3" classname="theImportanceOfLambdasExercise3.TestTheImportanceOfLambdasExercise3" time="0.001"/>
  <testcase name="test4" classname="theImportanceOfLambdasExercise3.TestTheImportanceOfLambdasExercise3" time="0.006"/>
  <system-out><![CDATA[]]></system-out>
  <system-err><![CDATA[]]></system-err>
</testsuite>
